0 info it worked if it ends with ok
1 verbose cli [ 'C:\\Program Files\\nodejs\\\\node.exe',
1 verbose cli   'C:\\Program Files\\nodejs\\node_modules\\npm\\bin\\npm-cli.js',
1 verbose cli   'run',
1 verbose cli   'lite' ]
2 info using npm@2.11.3
3 info using node@v0.12.7
4 verbose run-script [ 'prelite', 'lite', 'postlite' ]
5 info prelite angular2-seed@1.0.0
6 info lite angular2-seed@1.0.0
7 verbose unsafe-perm in lifecycle true
8 info angular2-seed@1.0.0 Failed to exec lite script
9 verbose stack Error: angular2-seed@1.0.0 lite: `lite-server`
9 verbose stack Exit status 1073807364
9 verbose stack     at EventEmitter.<anonymous> (C:\Program Files\nodejs\node_modules\npm\lib\utils\lifecycle.js:213:16)
9 verbose stack     at EventEmitter.emit (events.js:110:17)
9 verbose stack     at ChildProcess.<anonymous> (C:\Program Files\nodejs\node_modules\npm\lib\utils\spawn.js:24:14)
9 verbose stack     at ChildProcess.emit (events.js:110:17)
9 verbose stack     at maybeClose (child_process.js:1015:16)
9 verbose stack     at Process.ChildProcess._handle.onexit (child_process.js:1087:5)
10 verbose pkgid angular2-seed@1.0.0
11 verbose cwd D:\vidya\MyDocuments\AdvantageMedicalCare\try2\project-recipe-book-rc-master\project-recipe-book-rc-master
12 error Windows_NT 6.1.7601
13 error argv "C:\\Program Files\\nodejs\\\\node.exe" "C:\\Program Files\\nodejs\\node_modules\\npm\\bin\\npm-cli.js" "run" "lite"
14 error node v0.12.7
15 error npm  v2.11.3
16 error code ELIFECYCLE
17 error angular2-seed@1.0.0 lite: `lite-server`
17 error Exit status 1073807364
18 error Failed at the angular2-seed@1.0.0 lite script 'lite-server'.
18 error This is most likely a problem with the angular2-seed package,
18 error not with npm itself.
18 error Tell the author that this fails on your system:
18 error     lite-server
18 error You can get their info via:
18 error     npm owner ls angular2-seed
18 error There is likely additional logging output above.
19 verbose exit [ 1, true ]
