0 info it worked if it ends with ok
1 verbose cli [ 'C:\\Program Files\\nodejs\\\\node.exe',
1 verbose cli   'C:\\Program Files\\nodejs\\node_modules\\npm\\bin\\npm-cli.js',
1 verbose cli   'install' ]
2 info using npm@2.11.3
3 info using node@v0.12.7
4 verbose readDependencies loading dependencies from D:\vidya\MyDocuments\AdvantageMedicalCare\Stage5\angular2-seed\angular2-seed\package.json
5 warn package.json angular2-quickstart@1.0.0 No description
6 warn package.json angular2-quickstart@1.0.0 No repository field.
7 warn package.json angular2-quickstart@1.0.0 No README data
8 verbose install where, deps [ 'D:\\vidya\\MyDocuments\\AdvantageMedicalCare\\Stage5\\angular2-seed\\angular2-seed',
8 verbose install   [ 'angular2',
8 verbose install     'systemjs',
8 verbose install     'es6-promise',
8 verbose install     'es6-shim',
8 verbose install     'reflect-metadata',
8 verbose install     'rxjs',
8 verbose install     'zone.js',
8 verbose install     'concurrently',
8 verbose install     'lite-server',
8 verbose install     'typescript' ] ]
9 verbose install where, peers [ 'D:\\vidya\\MyDocuments\\AdvantageMedicalCare\\Stage5\\angular2-seed\\angular2-seed',
9 verbose install   [] ]
10 verbose installManyTop reading for lifecycle D:\vidya\MyDocuments\AdvantageMedicalCare\Stage5\angular2-seed\angular2-seed\package.json
11 info preinstall angular2-quickstart@1.0.0
12 verbose installManyTop reading scoped package data from D:\vidya\MyDocuments\AdvantageMedicalCare\Stage5\angular2-seed\angular2-seed\node_modules\angular2\package.json
13 verbose installManyTop reading scoped package data from D:\vidya\MyDocuments\AdvantageMedicalCare\Stage5\angular2-seed\angular2-seed\node_modules\concurrently\package.json
14 verbose installManyTop reading scoped package data from D:\vidya\MyDocuments\AdvantageMedicalCare\Stage5\angular2-seed\angular2-seed\node_modules\es6-promise\package.json
15 verbose installManyTop reading scoped package data from D:\vidya\MyDocuments\AdvantageMedicalCare\Stage5\angular2-seed\angular2-seed\node_modules\es6-shim\package.json
16 verbose installManyTop reading scoped package data from D:\vidya\MyDocuments\AdvantageMedicalCare\Stage5\angular2-seed\angular2-seed\node_modules\lite-server\package.json
17 verbose installManyTop reading scoped package data from D:\vidya\MyDocuments\AdvantageMedicalCare\Stage5\angular2-seed\angular2-seed\node_modules\reflect-metadata\package.json
18 verbose installManyTop reading scoped package data from D:\vidya\MyDocuments\AdvantageMedicalCare\Stage5\angular2-seed\angular2-seed\node_modules\rxjs\package.json
19 verbose installManyTop reading scoped package data from D:\vidya\MyDocuments\AdvantageMedicalCare\Stage5\angular2-seed\angular2-seed\node_modules\systemjs\package.json
20 verbose installManyTop reading scoped package data from D:\vidya\MyDocuments\AdvantageMedicalCare\Stage5\angular2-seed\angular2-seed\node_modules\typescript\package.json
21 verbose installManyTop reading scoped package data from D:\vidya\MyDocuments\AdvantageMedicalCare\Stage5\angular2-seed\angular2-seed\node_modules\zone.js\package.json
22 verbose readDependencies loading dependencies from D:\vidya\MyDocuments\AdvantageMedicalCare\Stage5\angular2-seed\angular2-seed\package.json
23 verbose targetResolver reading package data from D:\vidya\MyDocuments\AdvantageMedicalCare\Stage5\angular2-seed\angular2-seed\node_modules\angular2\package.json
24 verbose targetResolver reading package data from D:\vidya\MyDocuments\AdvantageMedicalCare\Stage5\angular2-seed\angular2-seed\node_modules\concurrently\package.json
25 verbose targetResolver reading package data from D:\vidya\MyDocuments\AdvantageMedicalCare\Stage5\angular2-seed\angular2-seed\node_modules\es6-promise\package.json
26 verbose targetResolver reading package data from D:\vidya\MyDocuments\AdvantageMedicalCare\Stage5\angular2-seed\angular2-seed\node_modules\es6-shim\package.json
27 verbose targetResolver reading package data from D:\vidya\MyDocuments\AdvantageMedicalCare\Stage5\angular2-seed\angular2-seed\node_modules\lite-server\package.json
28 verbose targetResolver reading package data from D:\vidya\MyDocuments\AdvantageMedicalCare\Stage5\angular2-seed\angular2-seed\node_modules\reflect-metadata\package.json
29 verbose targetResolver reading package data from D:\vidya\MyDocuments\AdvantageMedicalCare\Stage5\angular2-seed\angular2-seed\node_modules\rxjs\package.json
30 verbose targetResolver reading package data from D:\vidya\MyDocuments\AdvantageMedicalCare\Stage5\angular2-seed\angular2-seed\node_modules\systemjs\package.json
31 verbose targetResolver reading package data from D:\vidya\MyDocuments\AdvantageMedicalCare\Stage5\angular2-seed\angular2-seed\node_modules\typescript\package.json
32 verbose targetResolver reading package data from D:\vidya\MyDocuments\AdvantageMedicalCare\Stage5\angular2-seed\angular2-seed\node_modules\zone.js\package.json
33 verbose targetResolver reading package data from D:\vidya\MyDocuments\AdvantageMedicalCare\Stage5\angular2-seed\angular2-seed\node_modules\.bin\concurrent\package.json
34 verbose targetResolver reading package data from D:\vidya\MyDocuments\AdvantageMedicalCare\Stage5\angular2-seed\angular2-seed\node_modules\.bin\concurrent.cmd\package.json
35 verbose targetResolver reading package data from D:\vidya\MyDocuments\AdvantageMedicalCare\Stage5\angular2-seed\angular2-seed\node_modules\.bin\concurrently\package.json
36 verbose targetResolver reading package data from D:\vidya\MyDocuments\AdvantageMedicalCare\Stage5\angular2-seed\angular2-seed\node_modules\.bin\concurrently.cmd\package.json
37 verbose targetResolver reading package data from D:\vidya\MyDocuments\AdvantageMedicalCare\Stage5\angular2-seed\angular2-seed\node_modules\.bin\lite-server\package.json
38 verbose targetResolver reading package data from D:\vidya\MyDocuments\AdvantageMedicalCare\Stage5\angular2-seed\angular2-seed\node_modules\.bin\lite-server.cmd\package.json
39 verbose targetResolver reading package data from D:\vidya\MyDocuments\AdvantageMedicalCare\Stage5\angular2-seed\angular2-seed\node_modules\.bin\tsc\package.json
40 verbose targetResolver reading package data from D:\vidya\MyDocuments\AdvantageMedicalCare\Stage5\angular2-seed\angular2-seed\node_modules\.bin\tsc.cmd\package.json
41 verbose targetResolver reading package data from D:\vidya\MyDocuments\AdvantageMedicalCare\Stage5\angular2-seed\angular2-seed\node_modules\.bin\tsserver\package.json
42 verbose targetResolver reading package data from D:\vidya\MyDocuments\AdvantageMedicalCare\Stage5\angular2-seed\angular2-seed\node_modules\.bin\tsserver.cmd\package.json
43 verbose already installed skipping systemjs@0.19.22 D:\vidya\MyDocuments\AdvantageMedicalCare\Stage5\angular2-seed\angular2-seed
44 verbose already installed skipping es6-promise@^3.0.2 D:\vidya\MyDocuments\AdvantageMedicalCare\Stage5\angular2-seed\angular2-seed
45 verbose already installed skipping es6-shim@^0.33.3 D:\vidya\MyDocuments\AdvantageMedicalCare\Stage5\angular2-seed\angular2-seed
46 verbose already installed skipping reflect-metadata@0.1.2 D:\vidya\MyDocuments\AdvantageMedicalCare\Stage5\angular2-seed\angular2-seed
47 verbose already installed skipping rxjs@5.0.0-beta.2 D:\vidya\MyDocuments\AdvantageMedicalCare\Stage5\angular2-seed\angular2-seed
48 verbose already installed skipping zone.js@0.5.15 D:\vidya\MyDocuments\AdvantageMedicalCare\Stage5\angular2-seed\angular2-seed
49 verbose already installed skipping concurrently@^2.0.0 D:\vidya\MyDocuments\AdvantageMedicalCare\Stage5\angular2-seed\angular2-seed
50 verbose already installed skipping lite-server@^2.1.0 D:\vidya\MyDocuments\AdvantageMedicalCare\Stage5\angular2-seed\angular2-seed
51 verbose already installed skipping typescript@^1.7.5 D:\vidya\MyDocuments\AdvantageMedicalCare\Stage5\angular2-seed\angular2-seed
52 verbose already installed skipping angular2@2.0.0-beta.7 D:\vidya\MyDocuments\AdvantageMedicalCare\Stage5\angular2-seed\angular2-seed
53 silly install resolved []
54 info build D:\vidya\MyDocuments\AdvantageMedicalCare\Stage5\angular2-seed\angular2-seed
55 info linkStuff angular2-quickstart@1.0.0
56 silly linkStuff angular2-quickstart@1.0.0 has D:\vidya\MyDocuments\AdvantageMedicalCare\Stage5\angular2-seed as its parent node_modules
57 verbose linkBins angular2-quickstart@1.0.0
58 verbose linkMans angular2-quickstart@1.0.0
59 verbose rebuildBundles angular2-quickstart@1.0.0
60 verbose rebuildBundles [ '.bin',
60 verbose rebuildBundles   'angular2',
60 verbose rebuildBundles   'concurrently',
60 verbose rebuildBundles   'es6-promise',
60 verbose rebuildBundles   'es6-shim',
60 verbose rebuildBundles   'lite-server',
60 verbose rebuildBundles   'reflect-metadata',
60 verbose rebuildBundles   'rxjs',
60 verbose rebuildBundles   'systemjs',
60 verbose rebuildBundles   'typescript',
60 verbose rebuildBundles   'zone.js' ]
61 info install angular2-quickstart@1.0.0
62 info postinstall angular2-quickstart@1.0.0
63 verbose unsafe-perm in lifecycle true
64 info angular2-quickstart@1.0.0 Failed to exec postinstall script
65 verbose stack Error: angular2-quickstart@1.0.0 postinstall: `typings install`
65 verbose stack Exit status 1
65 verbose stack     at EventEmitter.<anonymous> (C:\Program Files\nodejs\node_modules\npm\lib\utils\lifecycle.js:213:16)
65 verbose stack     at EventEmitter.emit (events.js:110:17)
65 verbose stack     at ChildProcess.<anonymous> (C:\Program Files\nodejs\node_modules\npm\lib\utils\spawn.js:24:14)
65 verbose stack     at ChildProcess.emit (events.js:110:17)
65 verbose stack     at maybeClose (child_process.js:1015:16)
65 verbose stack     at Process.ChildProcess._handle.onexit (child_process.js:1087:5)
66 verbose pkgid angular2-quickstart@1.0.0
67 verbose cwd D:\vidya\MyDocuments\AdvantageMedicalCare\Stage5\angular2-seed\angular2-seed
68 error Windows_NT 6.1.7601
69 error argv "C:\\Program Files\\nodejs\\\\node.exe" "C:\\Program Files\\nodejs\\node_modules\\npm\\bin\\npm-cli.js" "install"
70 error node v0.12.7
71 error npm  v2.11.3
72 error code ELIFECYCLE
73 error angular2-quickstart@1.0.0 postinstall: `typings install`
73 error Exit status 1
74 error Failed at the angular2-quickstart@1.0.0 postinstall script 'typings install'.
74 error This is most likely a problem with the angular2-quickstart package,
74 error not with npm itself.
74 error Tell the author that this fails on your system:
74 error     typings install
74 error You can get their info via:
74 error     npm owner ls angular2-quickstart
74 error There is likely additional logging output above.
75 verbose exit [ 1, true ]
